[debug] [2025-06-23T16:15:30.713Z] ----------------------------------------------------------------------
[debug] [2025-06-23T16:15:30.717Z] Command:       C:\Program Files\nodejs\node.exe C:\Users\USUARIO\AppData\Roaming\npm\node_modules\firebase-tools\lib\bin\firebase.js deploy
[debug] [2025-06-23T16:15:30.718Z] CLI Version:   14.7.0
[debug] [2025-06-23T16:15:30.718Z] Platform:      win32
[debug] [2025-06-23T16:15:30.718Z] Node Version:  v22.15.0
[debug] [2025-06-23T16:15:30.718Z] Time:          Mon Jun 23 2025 11:15:30 GMT-0500 (hora estándar de Colombia)
[debug] [2025-06-23T16:15:30.718Z] ----------------------------------------------------------------------
[debug] 
[debug] [2025-06-23T16:15:31.009Z] > command requires scopes: ["email","openid","https://www.googleapis.com/auth/cloudplatformprojects.readonly","https://www.googleapis.com/auth/firebase","https://www.googleapis.com/auth/cloud-platform"]
[debug] [2025-06-23T16:15:31.010Z] > authorizing via signed-in user (webmaster@proserpuertos.com.co)
[debug] [2025-06-23T16:15:31.010Z] [iam] checking project grupo-proser-1741991464708 for permissions ["firebase.projects.get","firebasehosting.sites.update"]
[debug] [2025-06-23T16:15:31.012Z] Checked if tokens are valid: false, expires at: 1750638096641
[debug] [2025-06-23T16:15:31.012Z] Checked if tokens are valid: false, expires at: 1750638096641
[debug] [2025-06-23T16:15:31.012Z] > refreshing access token with scopes: []
[debug] [2025-06-23T16:15:31.014Z] >>> [apiv2][query] POST https://www.googleapis.com/oauth2/v3/token [none]
[debug] [2025-06-23T16:15:31.015Z] >>> [apiv2][body] POST https://www.googleapis.com/oauth2/v3/token [omitted]
[debug] [2025-06-23T16:15:31.557Z] <<< [apiv2][status] POST https://www.googleapis.com/oauth2/v3/token 400
[debug] [2025-06-23T16:15:31.557Z] <<< [apiv2][body] POST https://www.googleapis.com/oauth2/v3/token [omitted]
[error] Authentication Error: Your credentials are no longer valid. Please run firebase login --reauth

For CI servers and headless environments, generate a new token with firebase login:ci
[error] Authentication Error: Your credentials are no longer valid. Please run firebase login --reauth

For CI servers and headless environments, generate a new token with firebase login:ci
[debug] [2025-06-23T16:15:31.558Z] [iam] error while checking permissions, command may fail: Authentication Error: Your credentials are no longer valid. Please run firebase login --reauth

For CI servers and headless environments, generate a new token with firebase login:ci
[debug] [2025-06-23T16:15:31.559Z] Checked if tokens are valid: false, expires at: 1750638096641
[debug] [2025-06-23T16:15:31.559Z] Checked if tokens are valid: false, expires at: 1750638096641
[debug] [2025-06-23T16:15:31.559Z] > refreshing access token with scopes: []
[debug] [2025-06-23T16:15:31.559Z] >>> [apiv2][query] POST https://www.googleapis.com/oauth2/v3/token [none]
[debug] [2025-06-23T16:15:31.559Z] >>> [apiv2][body] POST https://www.googleapis.com/oauth2/v3/token [omitted]
[debug] [2025-06-23T16:15:31.704Z] <<< [apiv2][status] POST https://www.googleapis.com/oauth2/v3/token 400
[debug] [2025-06-23T16:15:31.704Z] <<< [apiv2][body] POST https://www.googleapis.com/oauth2/v3/token [omitted]
[error] Authentication Error: Your credentials are no longer valid. Please run firebase login --reauth

For CI servers and headless environments, generate a new token with firebase login:ci
[error] Authentication Error: Your credentials are no longer valid. Please run firebase login --reauth

For CI servers and headless environments, generate a new token with firebase login:ci
[debug] [2025-06-23T16:15:31.705Z] Authentication Error: Your credentials are no longer valid. Please run firebase login --reauth

For CI servers and headless environments, generate a new token with firebase login:ci
[error] 
[error] Error: Assertion failed: resolving hosting target of a site with no site name or target name. This should have caused an error earlier
